
══════════════════════════════════════════════════════════════════════════════════════════
  BEHAVIORAL BIOMETRICS SECURITY REPORT  —  Session: 2026-04-24 23:46:37.955
══════════════════════════════════════════════════════════════════════════════════════════
[2026-04-24 23:46:37.959] [INFO   ] Analysis Engine initialized with 2 engines.
[2026-04-24 23:46:53.049] [INFO   ] Calibration phase started.
[2026-04-24 23:47:08.215] [BASELINE] Baseline frozen | KPS=7.26 | AvgInterval=280723542.59 ns
[2026-04-24 23:47:18.968] [ANOMALY] ENGINE=Speed Analyzer       | SCORE=0.6636 | WPM=85.2 | KPS=7.10
[2026-04-24 23:47:18.970] [BREACH ] *** HIGH-RISK ALERT *** Combined score=0.3591
[2026-04-24 23:47:19.131] [ANOMALY] ENGINE=Speed Analyzer       | SCORE=0.6818 | WPM=85.6 | KPS=7.13
[2026-04-24 23:47:19.131] [BREACH ] *** HIGH-RISK ALERT *** Combined score=0.3685
[2026-04-24 23:47:19.285] [ANOMALY] ENGINE=Speed Analyzer       | SCORE=0.7000 | WPM=86.0 | KPS=7.17
[2026-04-24 23:47:19.287] [BREACH ] *** HIGH-RISK ALERT *** Combined score=0.3778
[2026-04-24 23:47:20.652] [ANOMALY] ENGINE=Speed Analyzer       | SCORE=0.7182 | WPM=82.6 | KPS=6.88
[2026-04-24 23:47:20.653] [BREACH ] *** HIGH-RISK ALERT *** Combined score=0.3789
[2026-04-24 23:47:20.893] [ANOMALY] ENGINE=Speed Analyzer       | SCORE=0.7364 | WPM=82.7 | KPS=6.90
[2026-04-24 23:47:20.893] [BREACH ] *** HIGH-RISK ALERT *** Combined score=0.3891
[2026-04-24 23:47:21.423] [ANOMALY] ENGINE=Speed Analyzer       | SCORE=0.7545 | WPM=82.0 | KPS=6.84
[2026-04-24 23:47:21.423] [BREACH ] *** HIGH-RISK ALERT *** Combined score=0.4007
[2026-04-24 23:47:21.925] [ANOMALY] ENGINE=Speed Analyzer       | SCORE=0.7727 | WPM=81.5 | KPS=6.79
[2026-04-24 23:47:21.925] [BREACH ] *** HIGH-RISK ALERT *** Combined score=0.4122
[2026-04-24 23:47:21.956] [ANOMALY] ENGINE=Speed Analyzer       | SCORE=0.7909 | WPM=82.2 | KPS=6.85
[2026-04-24 23:47:21.956] [BREACH ] *** HIGH-RISK ALERT *** Combined score=0.4198
[2026-04-24 23:47:21.986] [ANOMALY] ENGINE=Speed Analyzer       | SCORE=0.8091 | WPM=82.9 | KPS=6.91
[2026-04-24 23:47:21.986] [BREACH ] *** HIGH-RISK ALERT *** Combined score=0.4274
[2026-04-24 23:47:22.016] [ANOMALY] ENGINE=Speed Analyzer       | SCORE=0.8273 | WPM=83.7 | KPS=6.97
[2026-04-24 23:47:22.016] [BREACH ] *** HIGH-RISK ALERT *** Combined score=0.4351
[2026-04-24 23:47:22.045] [ANOMALY] ENGINE=Speed Analyzer       | SCORE=0.8455 | WPM=84.4 | KPS=7.04
[2026-04-24 23:47:22.046] [BREACH ] *** HIGH-RISK ALERT *** Combined score=0.4428
[2026-04-24 23:47:22.076] [ANOMALY] ENGINE=Speed Analyzer       | SCORE=0.8636 | WPM=85.2 | KPS=7.10
[2026-04-24 23:47:22.076] [BREACH ] *** HIGH-RISK ALERT *** Combined score=0.4506
[2026-04-24 23:47:22.109] [ANOMALY] ENGINE=Speed Analyzer       | SCORE=0.8818 | WPM=85.9 | KPS=7.16
[2026-04-24 23:47:22.109] [BREACH ] *** HIGH-RISK ALERT *** Combined score=0.4585
[2026-04-24 23:47:22.139] [ANOMALY] ENGINE=Speed Analyzer       | SCORE=0.9000 | WPM=86.6 | KPS=7.22
[2026-04-24 23:47:22.140] [BREACH ] *** HIGH-RISK ALERT *** Combined score=0.4678
[2026-04-24 23:47:22.170] [ANOMALY] ENGINE=Speed Analyzer       | SCORE=0.9182 | WPM=87.4 | KPS=7.28
[2026-04-24 23:47:22.170] [BREACH ] *** HIGH-RISK ALERT *** Combined score=0.4791
[2026-04-24 23:47:23.270] [ANOMALY] ENGINE=Speed Analyzer       | SCORE=0.9364 | WPM=85.0 | KPS=7.08
[2026-04-24 23:47:23.270] [BREACH ] *** HIGH-RISK ALERT *** Combined score=0.4814
[2026-04-24 23:47:24.271] [ANOMALY] ENGINE=Speed Analyzer       | SCORE=0.9545 | WPM=83.0 | KPS=6.92
[2026-04-24 23:47:24.271] [BREACH ] *** HIGH-RISK ALERT *** Combined score=0.4901
[2026-04-24 23:47:24.432] [ANOMALY] ENGINE=Speed Analyzer       | SCORE=0.9727 | WPM=83.4 | KPS=6.95
[2026-04-24 23:47:24.432] [BREACH ] *** HIGH-RISK ALERT *** Combined score=0.4995
[2026-04-24 23:47:24.622] [ANOMALY] ENGINE=Speed Analyzer       | SCORE=0.9909 | WPM=83.6 | KPS=6.97
[2026-04-24 23:47:24.622] [BREACH ] *** HIGH-RISK ALERT *** Combined score=0.5092
[2026-04-24 23:47:25.386] [ANOMALY] ENGINE=Speed Analyzer       | SCORE=1.0000 | WPM=82.4 | KPS=6.87
[2026-04-24 23:47:25.386] [BREACH ] *** HIGH-RISK ALERT *** Combined score=0.5153
[2026-04-24 23:47:25.506] [ANOMALY] ENGINE=Speed Analyzer       | SCORE=1.0000 | WPM=82.8 | KPS=6.90
[2026-04-24 23:47:25.506] [BREACH ] *** HIGH-RISK ALERT *** Combined score=0.5152
[2026-04-24 23:47:25.668] [ANOMALY] ENGINE=Speed Analyzer       | SCORE=1.0000 | WPM=83.1 | KPS=6.93
[2026-04-24 23:47:25.668] [BREACH ] *** HIGH-RISK ALERT *** Combined score=0.5155
[2026-04-24 23:47:25.829] [ANOMALY] ENGINE=Speed Analyzer       | SCORE=1.0000 | WPM=83.5 | KPS=6.96
[2026-04-24 23:47:25.829] [BREACH ] *** HIGH-RISK ALERT *** Combined score=0.5157
[2026-04-24 23:47:27.005] [ANOMALY] ENGINE=Speed Analyzer       | SCORE=1.0000 | WPM=81.3 | KPS=6.77
[2026-04-24 23:47:27.005] [BREACH ] *** HIGH-RISK ALERT *** Combined score=0.5133
[2026-04-24 23:47:27.132] [ANOMALY] ENGINE=Speed Analyzer       | SCORE=1.0000 | WPM=81.7 | KPS=6.81
[2026-04-24 23:47:27.132] [BREACH ] *** HIGH-RISK ALERT *** Combined score=0.5132
[2026-04-24 23:47:27.283] [ANOMALY] ENGINE=Speed Analyzer       | SCORE=1.0000 | WPM=82.0 | KPS=6.84
[2026-04-24 23:47:27.283] [BREACH ] *** HIGH-RISK ALERT *** Combined score=0.5133
[2026-04-24 23:47:27.481] [ANOMALY] ENGINE=Speed Analyzer       | SCORE=1.0000 | WPM=82.2 | KPS=6.85
[2026-04-24 23:47:27.482] [BREACH ] *** HIGH-RISK ALERT *** Combined score=0.5139
[2026-04-24 23:47:28.735] [ANOMALY] ENGINE=Speed Analyzer       | SCORE=1.0000 | WPM=80.0 | KPS=6.67
[2026-04-24 23:47:28.735] [BREACH ] *** HIGH-RISK ALERT *** Combined score=0.5203
[2026-04-24 23:47:29.193] [ANOMALY] ENGINE=Speed Analyzer       | SCORE=1.0000 | WPM=79.7 | KPS=6.64
[2026-04-24 23:47:29.193] [BREACH ] *** HIGH-RISK ALERT *** Combined score=0.5202
[2026-04-24 23:47:29.444] [ANOMALY] ENGINE=Speed Analyzer       | SCORE=1.0000 | WPM=79.8 | KPS=6.65
[2026-04-24 23:47:29.444] [BREACH ] *** HIGH-RISK ALERT *** Combined score=0.5186
[2026-04-24 23:47:29.699] [ANOMALY] ENGINE=Speed Analyzer       | SCORE=1.0000 | WPM=79.9 | KPS=6.66
[2026-04-24 23:47:29.699] [BREACH ] *** HIGH-RISK ALERT *** Combined score=0.5171
[2026-04-24 23:47:29.826] [ANOMALY] ENGINE=Speed Analyzer       | SCORE=1.0000 | WPM=80.3 | KPS=6.69
[2026-04-24 23:47:29.827] [BREACH ] *** HIGH-RISK ALERT *** Combined score=0.5152
[2026-04-24 23:47:29.985] [ANOMALY] ENGINE=Speed Analyzer       | SCORE=1.0000 | WPM=80.6 | KPS=6.71
[2026-04-24 23:47:29.986] [BREACH ] *** HIGH-RISK ALERT *** Combined score=0.5145
[2026-04-24 23:47:30.512] [ANOMALY] ENGINE=Speed Analyzer       | SCORE=1.0000 | WPM=80.1 | KPS=6.67
[2026-04-24 23:47:30.512] [BREACH ] *** HIGH-RISK ALERT *** Combined score=0.5165
[2026-04-24 23:47:30.669] [ANOMALY] ENGINE=Speed Analyzer       | SCORE=1.0000 | WPM=80.4 | KPS=6.70
[2026-04-24 23:47:30.669] [BREACH ] *** HIGH-RISK ALERT *** Combined score=0.5166
[2026-04-24 23:47:31.226] [ANOMALY] ENGINE=Speed Analyzer       | SCORE=1.0000 | WPM=79.8 | KPS=6.65
[2026-04-24 23:47:31.226] [BREACH ] *** HIGH-RISK ALERT *** Combined score=0.5186
[2026-04-24 23:47:31.736] [ANOMALY] ENGINE=Speed Analyzer       | SCORE=1.0000 | WPM=79.4 | KPS=6.62
[2026-04-24 23:47:31.736] [BREACH ] *** HIGH-RISK ALERT *** Combined score=0.5205
[2026-04-24 23:47:31.767] [ANOMALY] ENGINE=Speed Analyzer       | SCORE=1.0000 | WPM=80.0 | KPS=6.66
[2026-04-24 23:47:31.767] [BREACH ] *** HIGH-RISK ALERT *** Combined score=0.5193
[2026-04-24 23:47:31.795] [ANOMALY] ENGINE=Speed Analyzer       | SCORE=1.0000 | WPM=80.5 | KPS=6.71
[2026-04-24 23:47:31.796] [BREACH ] *** HIGH-RISK ALERT *** Combined score=0.5182
[2026-04-24 23:47:31.827] [ANOMALY] ENGINE=Speed Analyzer       | SCORE=1.0000 | WPM=81.1 | KPS=6.76
[2026-04-24 23:47:31.828] [BREACH ] *** HIGH-RISK ALERT *** Combined score=0.5171
[2026-04-24 23:47:31.858] [ANOMALY] ENGINE=Speed Analyzer       | SCORE=1.0000 | WPM=81.6 | KPS=6.80
[2026-04-24 23:47:31.858] [BREACH ] *** HIGH-RISK ALERT *** Combined score=0.5160
[2026-04-24 23:47:31.885] [ANOMALY] ENGINE=Speed Analyzer       | SCORE=1.0000 | WPM=82.2 | KPS=6.85
[2026-04-24 23:47:31.885] [BREACH ] *** HIGH-RISK ALERT *** Combined score=0.5150
[2026-04-24 23:47:31.916] [ANOMALY] ENGINE=Speed Analyzer       | SCORE=1.0000 | WPM=82.7 | KPS=6.90
[2026-04-24 23:47:31.916] [BREACH ] *** HIGH-RISK ALERT *** Combined score=0.5140
[2026-04-24 23:47:31.946] [ANOMALY] ENGINE=Speed Analyzer       | SCORE=1.0000 | WPM=83.3 | KPS=6.94
[2026-04-24 23:47:31.946] [BREACH ] *** HIGH-RISK ALERT *** Combined score=0.5130
[2026-04-24 23:47:31.976] [ANOMALY] ENGINE=Speed Analyzer       | SCORE=1.0000 | WPM=83.8 | KPS=6.99
[2026-04-24 23:47:31.976] [BREACH ] *** HIGH-RISK ALERT *** Combined score=0.5120
[2026-04-24 23:47:32.006] [ANOMALY] ENGINE=Speed Analyzer       | SCORE=1.0000 | WPM=84.4 | KPS=7.03
[2026-04-24 23:47:32.006] [BREACH ] *** HIGH-RISK ALERT *** Combined score=0.5111
[2026-04-24 23:47:32.037] [ANOMALY] ENGINE=Speed Analyzer       | SCORE=1.0000 | WPM=85.0 | KPS=7.08
[2026-04-24 23:47:32.037] [BREACH ] *** HIGH-RISK ALERT *** Combined score=0.5102
[2026-04-24 23:47:32.066] [ANOMALY] ENGINE=Speed Analyzer       | SCORE=1.0000 | WPM=85.5 | KPS=7.13
[2026-04-24 23:47:32.066] [BREACH ] *** HIGH-RISK ALERT *** Combined score=0.5093
[2026-04-24 23:47:32.096] [ANOMALY] ENGINE=Speed Analyzer       | SCORE=1.0000 | WPM=86.0 | KPS=7.17
[2026-04-24 23:47:32.096] [BREACH ] *** HIGH-RISK ALERT *** Combined score=0.5084
[2026-04-24 23:47:32.127] [ANOMALY] ENGINE=Speed Analyzer       | SCORE=1.0000 | WPM=86.6 | KPS=7.22
[2026-04-24 23:47:32.127] [BREACH ] *** HIGH-RISK ALERT *** Combined score=0.5098
[2026-04-24 23:47:32.160] [ANOMALY] ENGINE=Speed Analyzer       | SCORE=1.0000 | WPM=87.1 | KPS=7.26
[2026-04-24 23:47:32.160] [BREACH ] *** HIGH-RISK ALERT *** Combined score=0.5115
[2026-04-24 23:47:32.190] [ANOMALY] ENGINE=Speed Analyzer       | SCORE=1.0000 | WPM=87.7 | KPS=7.31
[2026-04-24 23:47:32.190] [BREACH ] *** HIGH-RISK ALERT *** Combined score=0.5132
[2026-04-24 23:47:32.221] [ANOMALY] ENGINE=Speed Analyzer       | SCORE=1.0000 | WPM=88.2 | KPS=7.35
[2026-04-24 23:47:32.221] [BREACH ] *** HIGH-RISK ALERT *** Combined score=0.5149
[2026-04-24 23:47:32.251] [ANOMALY] ENGINE=Speed Analyzer       | SCORE=1.0000 | WPM=88.8 | KPS=7.40
[2026-04-24 23:47:32.251] [BREACH ] *** HIGH-RISK ALERT *** Combined score=0.5165
[2026-04-24 23:47:32.282] [ANOMALY] ENGINE=Speed Analyzer       | SCORE=1.0000 | WPM=89.3 | KPS=7.44
[2026-04-24 23:47:32.282] [BREACH ] *** HIGH-RISK ALERT *** Combined score=0.5181
[2026-04-24 23:47:32.312] [ANOMALY] ENGINE=Speed Analyzer       | SCORE=1.0000 | WPM=89.9 | KPS=7.49
[2026-04-24 23:47:32.312] [BREACH ] *** HIGH-RISK ALERT *** Combined score=0.5198
[2026-04-24 23:47:32.343] [ANOMALY] ENGINE=Speed Analyzer       | SCORE=1.0000 | WPM=90.4 | KPS=7.53
[2026-04-24 23:47:32.343] [BREACH ] *** HIGH-RISK ALERT *** Combined score=0.5214
[2026-04-24 23:47:32.372] [ANOMALY] ENGINE=Speed Analyzer       | SCORE=1.0000 | WPM=90.9 | KPS=7.58
[2026-04-24 23:47:32.372] [BREACH ] *** HIGH-RISK ALERT *** Combined score=0.5230
[2026-04-24 23:47:32.402] [ANOMALY] ENGINE=Speed Analyzer       | SCORE=1.0000 | WPM=91.5 | KPS=7.62
[2026-04-24 23:47:32.402] [BREACH ] *** HIGH-RISK ALERT *** Combined score=0.5245
[2026-04-24 23:47:32.432] [ANOMALY] ENGINE=Speed Analyzer       | SCORE=1.0000 | WPM=92.0 | KPS=7.67
[2026-04-24 23:47:32.432] [BREACH ] *** HIGH-RISK ALERT *** Combined score=0.5261
[2026-04-24 23:47:32.471] [ANOMALY] ENGINE=Speed Analyzer       | SCORE=1.0000 | WPM=92.5 | KPS=7.71
[2026-04-24 23:47:32.471] [BREACH ] *** HIGH-RISK ALERT *** Combined score=0.5277
[2026-04-24 23:47:32.498] [ANOMALY] ENGINE=Speed Analyzer       | SCORE=1.0000 | WPM=93.1 | KPS=7.76
[2026-04-24 23:47:32.498] [BREACH ] *** HIGH-RISK ALERT *** Combined score=0.5292
[2026-04-24 23:47:32.528] [ANOMALY] ENGINE=Speed Analyzer       | SCORE=1.0000 | WPM=93.6 | KPS=7.80
[2026-04-24 23:47:32.528] [BREACH ] *** HIGH-RISK ALERT *** Combined score=0.5307
[2026-04-24 23:47:32.557] [ANOMALY] ENGINE=Speed Analyzer       | SCORE=1.0000 | WPM=94.2 | KPS=7.85
[2026-04-24 23:47:32.557] [BREACH ] *** HIGH-RISK ALERT *** Combined score=0.5322
[2026-04-24 23:47:32.587] [ANOMALY] ENGINE=Speed Analyzer       | SCORE=1.0000 | WPM=94.7 | KPS=7.89
[2026-04-24 23:47:32.587] [BREACH ] *** HIGH-RISK ALERT *** Combined score=0.5337
[2026-04-24 23:47:32.618] [ANOMALY] ENGINE=Speed Analyzer       | SCORE=1.0000 | WPM=95.2 | KPS=7.94
[2026-04-24 23:47:32.618] [BREACH ] *** HIGH-RISK ALERT *** Combined score=0.5352
[2026-04-24 23:47:32.648] [ANOMALY] ENGINE=Speed Analyzer       | SCORE=1.0000 | WPM=95.8 | KPS=7.98
[2026-04-24 23:47:32.648] [BREACH ] *** HIGH-RISK ALERT *** Combined score=0.5367
[2026-04-24 23:47:32.678] [ANOMALY] ENGINE=Speed Analyzer       | SCORE=1.0000 | WPM=96.3 | KPS=8.02
[2026-04-24 23:47:32.678] [BREACH ] *** HIGH-RISK ALERT *** Combined score=0.5382
[2026-04-24 23:47:32.709] [ANOMALY] ENGINE=Speed Analyzer       | SCORE=1.0000 | WPM=96.8 | KPS=8.07
[2026-04-24 23:47:32.709] [BREACH ] *** HIGH-RISK ALERT *** Combined score=0.5396
[2026-04-24 23:47:32.738] [ANOMALY] ENGINE=Speed Analyzer       | SCORE=1.0000 | WPM=97.4 | KPS=8.11
[2026-04-24 23:47:32.738] [BREACH ] *** HIGH-RISK ALERT *** Combined score=0.5410
[2026-04-24 23:47:32.769] [ANOMALY] ENGINE=Speed Analyzer       | SCORE=1.0000 | WPM=97.9 | KPS=8.16
[2026-04-24 23:47:32.769] [BREACH ] *** HIGH-RISK ALERT *** Combined score=0.5425
[2026-04-24 23:47:32.799] [ANOMALY] ENGINE=Speed Analyzer       | SCORE=1.0000 | WPM=98.4 | KPS=8.20
[2026-04-24 23:47:32.799] [BREACH ] *** HIGH-RISK ALERT *** Combined score=0.5439
[2026-04-24 23:47:32.829] [ANOMALY] ENGINE=Speed Analyzer       | SCORE=1.0000 | WPM=98.9 | KPS=8.25
[2026-04-24 23:47:32.829] [BREACH ] *** HIGH-RISK ALERT *** Combined score=0.5453
[2026-04-24 23:47:32.860] [ANOMALY] ENGINE=Speed Analyzer       | SCORE=1.0000 | WPM=99.5 | KPS=8.29
[2026-04-24 23:47:32.860] [BREACH ] *** HIGH-RISK ALERT *** Combined score=0.5467
[2026-04-24 23:47:32.891] [ANOMALY] ENGINE=Speed Analyzer       | SCORE=1.0000 | WPM=100.0 | KPS=8.33
[2026-04-24 23:47:32.891] [BREACH ] *** HIGH-RISK ALERT *** Combined score=0.5481
[2026-04-24 23:47:32.920] [ANOMALY] ENGINE=Speed Analyzer       | SCORE=1.0000 | WPM=100.5 | KPS=8.38
[2026-04-24 23:47:32.920] [BREACH ] *** HIGH-RISK ALERT *** Combined score=0.5494
[2026-04-24 23:47:32.951] [ANOMALY] ENGINE=Speed Analyzer       | SCORE=1.0000 | WPM=101.0 | KPS=8.42
[2026-04-24 23:47:32.951] [BREACH ] *** HIGH-RISK ALERT *** Combined score=0.5508
[2026-04-24 23:47:32.981] [ANOMALY] ENGINE=Speed Analyzer       | SCORE=1.0000 | WPM=101.6 | KPS=8.46
[2026-04-24 23:47:32.981] [BREACH ] *** HIGH-RISK ALERT *** Combined score=0.5521
[2026-04-24 23:47:33.009] [ANOMALY] ENGINE=Speed Analyzer       | SCORE=1.0000 | WPM=102.1 | KPS=8.51
[2026-04-24 23:47:33.009] [BREACH ] *** HIGH-RISK ALERT *** Combined score=0.5535
[2026-04-24 23:47:33.040] [ANOMALY] ENGINE=Speed Analyzer       | SCORE=1.0000 | WPM=102.6 | KPS=8.55
[2026-04-24 23:47:33.040] [BREACH ] *** HIGH-RISK ALERT *** Combined score=0.5548
[2026-04-24 23:47:33.070] [ANOMALY] ENGINE=Speed Analyzer       | SCORE=1.0000 | WPM=103.1 | KPS=8.60
[2026-04-24 23:47:33.070] [BREACH ] *** HIGH-RISK ALERT *** Combined score=0.5561
[2026-04-24 23:47:33.101] [ANOMALY] ENGINE=Speed Analyzer       | SCORE=1.0000 | WPM=103.7 | KPS=8.64
[2026-04-24 23:47:33.102] [BREACH ] *** HIGH-RISK ALERT *** Combined score=0.5574
[2026-04-24 23:47:33.130] [ANOMALY] ENGINE=Speed Analyzer       | SCORE=1.0000 | WPM=104.2 | KPS=8.68
[2026-04-24 23:47:33.130] [BREACH ] *** HIGH-RISK ALERT *** Combined score=0.5587
[2026-04-24 23:47:33.166] [ANOMALY] ENGINE=Speed Analyzer       | SCORE=1.0000 | WPM=104.7 | KPS=8.72
[2026-04-24 23:47:33.166] [BREACH ] *** HIGH-RISK ALERT *** Combined score=0.5600
[2026-04-24 23:47:33.195] [ANOMALY] ENGINE=Speed Analyzer       | SCORE=1.0000 | WPM=105.2 | KPS=8.77
[2026-04-24 23:47:33.196] [BREACH ] *** HIGH-RISK ALERT *** Combined score=0.5613
[2026-04-24 23:47:33.226] [ANOMALY] ENGINE=Speed Analyzer       | SCORE=1.0000 | WPM=105.7 | KPS=8.81
[2026-04-24 23:47:33.226] [BREACH ] *** HIGH-RISK ALERT *** Combined score=0.5625
[2026-04-24 23:47:33.255] [ANOMALY] ENGINE=Speed Analyzer       | SCORE=1.0000 | WPM=106.3 | KPS=8.85
[2026-04-24 23:47:33.256] [BREACH ] *** HIGH-RISK ALERT *** Combined score=0.5638
[2026-04-24 23:47:33.286] [ANOMALY] ENGINE=Speed Analyzer       | SCORE=1.0000 | WPM=106.8 | KPS=8.90
[2026-04-24 23:47:33.287] [BREACH ] *** HIGH-RISK ALERT *** Combined score=0.5650
[2026-04-24 23:47:33.316] [ANOMALY] ENGINE=Speed Analyzer       | SCORE=1.0000 | WPM=107.3 | KPS=8.94
[2026-04-24 23:47:33.316] [BREACH ] *** HIGH-RISK ALERT *** Combined score=0.5663
[2026-04-24 23:47:33.346] [ANOMALY] ENGINE=Speed Analyzer       | SCORE=1.0000 | WPM=107.8 | KPS=8.98
[2026-04-24 23:47:33.346] [BREACH ] *** HIGH-RISK ALERT *** Combined score=0.5675
[2026-04-24 23:47:33.377] [ANOMALY] ENGINE=Speed Analyzer       | SCORE=1.0000 | WPM=108.3 | KPS=9.03
[2026-04-24 23:47:33.377] [BREACH ] *** HIGH-RISK ALERT *** Combined score=0.5687
[2026-04-24 23:47:33.407] [ANOMALY] ENGINE=Speed Analyzer       | SCORE=1.0000 | WPM=108.8 | KPS=9.07
[2026-04-24 23:47:33.407] [BREACH ] *** HIGH-RISK ALERT *** Combined score=0.5699
[2026-04-24 23:47:33.437] [ANOMALY] ENGINE=Speed Analyzer       | SCORE=1.0000 | WPM=109.3 | KPS=9.11
[2026-04-24 23:47:33.437] [BREACH ] *** HIGH-RISK ALERT *** Combined score=0.5711
[2026-04-24 23:47:33.475] [ANOMALY] ENGINE=Speed Analyzer       | SCORE=1.0000 | WPM=109.8 | KPS=9.15
[2026-04-24 23:47:33.475] [BREACH ] *** HIGH-RISK ALERT *** Combined score=0.5723
[2026-04-24 23:47:33.503] [ANOMALY] ENGINE=Speed Analyzer       | SCORE=1.0000 | WPM=110.3 | KPS=9.20
[2026-04-24 23:47:33.503] [BREACH ] *** HIGH-RISK ALERT *** Combined score=0.5735
[2026-04-24 23:47:33.532] [ANOMALY] ENGINE=Speed Analyzer       | SCORE=1.0000 | WPM=110.9 | KPS=9.24
[2026-04-24 23:47:33.532] [BREACH ] *** HIGH-RISK ALERT *** Combined score=0.5746
[2026-04-24 23:47:33.562] [ANOMALY] ENGINE=Speed Analyzer       | SCORE=1.0000 | WPM=111.4 | KPS=9.28
[2026-04-24 23:47:33.562] [BREACH ] *** HIGH-RISK ALERT *** Combined score=0.5758
[2026-04-24 23:47:33.592] [ANOMALY] ENGINE=Speed Analyzer       | SCORE=1.0000 | WPM=111.9 | KPS=9.32
[2026-04-24 23:47:33.593] [BREACH ] *** HIGH-RISK ALERT *** Combined score=0.5769
[2026-04-24 23:47:33.623] [ANOMALY] ENGINE=Speed Analyzer       | SCORE=1.0000 | WPM=112.4 | KPS=9.37
[2026-04-24 23:47:33.623] [BREACH ] *** HIGH-RISK ALERT *** Combined score=0.5781
[2026-04-24 23:47:33.654] [ANOMALY] ENGINE=Speed Analyzer       | SCORE=1.0000 | WPM=112.9 | KPS=9.41
[2026-04-24 23:47:33.654] [BREACH ] *** HIGH-RISK ALERT *** Combined score=0.5792
[2026-04-24 23:47:33.683] [ANOMALY] ENGINE=Speed Analyzer       | SCORE=1.0000 | WPM=113.4 | KPS=9.45
[2026-04-24 23:47:33.683] [BREACH ] *** HIGH-RISK ALERT *** Combined score=0.5803
[2026-04-24 23:47:33.713] [ANOMALY] ENGINE=Speed Analyzer       | SCORE=1.0000 | WPM=113.9 | KPS=9.49
[2026-04-24 23:47:33.713] [BREACH ] *** HIGH-RISK ALERT *** Combined score=0.5815
[2026-04-24 23:47:33.744] [ANOMALY] ENGINE=Speed Analyzer       | SCORE=1.0000 | WPM=114.4 | KPS=9.53
[2026-04-24 23:47:33.744] [BREACH ] *** HIGH-RISK ALERT *** Combined score=0.5826
[2026-04-24 23:47:33.774] [ANOMALY] ENGINE=Speed Analyzer       | SCORE=1.0000 | WPM=114.9 | KPS=9.58
[2026-04-24 23:47:33.774] [BREACH ] *** HIGH-RISK ALERT *** Combined score=0.5837
[2026-04-24 23:47:33.804] [ANOMALY] ENGINE=Speed Analyzer       | SCORE=1.0000 | WPM=115.4 | KPS=9.62
[2026-04-24 23:47:33.804] [BREACH ] *** HIGH-RISK ALERT *** Combined score=0.5848
[2026-04-24 23:47:33.834] [ANOMALY] ENGINE=Speed Analyzer       | SCORE=1.0000 | WPM=115.9 | KPS=9.66
[2026-04-24 23:47:33.834] [BREACH ] *** HIGH-RISK ALERT *** Combined score=0.5859
[2026-04-24 23:47:33.865] [ANOMALY] ENGINE=Speed Analyzer       | SCORE=1.0000 | WPM=116.4 | KPS=9.70
[2026-04-24 23:47:33.865] [BREACH ] *** HIGH-RISK ALERT *** Combined score=0.5869
[2026-04-24 23:47:33.894] [ANOMALY] ENGINE=Speed Analyzer       | SCORE=1.0000 | WPM=116.9 | KPS=9.74
[2026-04-24 23:47:33.895] [BREACH ] *** HIGH-RISK ALERT *** Combined score=0.5880
[2026-04-24 23:47:33.926] [ANOMALY] ENGINE=Speed Analyzer       | SCORE=1.0000 | WPM=117.4 | KPS=9.79
[2026-04-24 23:47:33.926] [BREACH ] *** HIGH-RISK ALERT *** Combined score=0.5891
[2026-04-24 23:47:33.956] [ANOMALY] ENGINE=Speed Analyzer       | SCORE=1.0000 | WPM=117.9 | KPS=9.83
[2026-04-24 23:47:33.956] [BREACH ] *** HIGH-RISK ALERT *** Combined score=0.5901
[2026-04-24 23:47:33.986] [ANOMALY] ENGINE=Speed Analyzer       | SCORE=1.0000 | WPM=118.4 | KPS=9.87
[2026-04-24 23:47:33.986] [BREACH ] *** HIGH-RISK ALERT *** Combined score=0.5912
[2026-04-24 23:47:34.016] [ANOMALY] ENGINE=Speed Analyzer       | SCORE=1.0000 | WPM=118.9 | KPS=9.91
[2026-04-24 23:47:34.017] [BREACH ] *** HIGH-RISK ALERT *** Combined score=0.5922
[2026-04-24 23:47:34.047] [ANOMALY] ENGINE=Speed Analyzer       | SCORE=1.0000 | WPM=119.4 | KPS=9.95
[2026-04-24 23:47:34.047] [BREACH ] *** HIGH-RISK ALERT *** Combined score=0.5932
[2026-04-24 23:47:34.075] [ANOMALY] ENGINE=Speed Analyzer       | SCORE=1.0000 | WPM=119.9 | KPS=9.99
[2026-04-24 23:47:34.075] [BREACH ] *** HIGH-RISK ALERT *** Combined score=0.5943
[2026-04-24 23:47:34.106] [ANOMALY] ENGINE=Speed Analyzer       | SCORE=1.0000 | WPM=120.4 | KPS=10.04
[2026-04-24 23:47:34.106] [BREACH ] *** HIGH-RISK ALERT *** Combined score=0.5953
[2026-04-24 23:47:34.137] [ANOMALY] ENGINE=Speed Analyzer       | SCORE=1.0000 | WPM=120.9 | KPS=10.08
[2026-04-24 23:47:34.137] [BREACH ] *** HIGH-RISK ALERT *** Combined score=0.5963
[2026-04-24 23:47:34.171] [ANOMALY] ENGINE=Speed Analyzer       | SCORE=1.0000 | WPM=121.4 | KPS=10.12
[2026-04-24 23:47:34.171] [BREACH ] *** HIGH-RISK ALERT *** Combined score=0.5973
[2026-04-24 23:47:34.202] [ANOMALY] ENGINE=Speed Analyzer       | SCORE=1.0000 | WPM=121.9 | KPS=10.16
[2026-04-24 23:47:34.202] [BREACH ] *** HIGH-RISK ALERT *** Combined score=0.5983
[2026-04-24 23:47:34.232] [ANOMALY] ENGINE=Speed Analyzer       | SCORE=1.0000 | WPM=122.4 | KPS=10.20
[2026-04-24 23:47:34.232] [BREACH ] *** HIGH-RISK ALERT *** Combined score=0.5993
[2026-04-24 23:47:34.263] [ANOMALY] ENGINE=Speed Analyzer       | SCORE=1.0000 | WPM=122.9 | KPS=10.24
[2026-04-24 23:47:34.263] [BREACH ] *** HIGH-RISK ALERT *** Combined score=0.6003
[2026-04-24 23:47:34.293] [ANOMALY] ENGINE=Speed Analyzer       | SCORE=1.0000 | WPM=123.4 | KPS=10.28
[2026-04-24 23:47:34.293] [BREACH ] *** HIGH-RISK ALERT *** Combined score=0.6012
[2026-04-24 23:47:34.323] [ANOMALY] ENGINE=Speed Analyzer       | SCORE=1.0000 | WPM=123.9 | KPS=10.32
[2026-04-24 23:47:34.323] [BREACH ] *** HIGH-RISK ALERT *** Combined score=0.6022
[2026-04-24 23:47:34.352] [ANOMALY] ENGINE=Speed Analyzer       | SCORE=1.0000 | WPM=124.4 | KPS=10.36
[2026-04-24 23:47:34.352] [BREACH ] *** HIGH-RISK ALERT *** Combined score=0.6032
[2026-04-24 23:47:34.382] [ANOMALY] ENGINE=Speed Analyzer       | SCORE=1.0000 | WPM=124.8 | KPS=10.40
[2026-04-24 23:47:34.382] [BREACH ] *** HIGH-RISK ALERT *** Combined score=0.6041
[2026-04-24 23:47:34.413] [ANOMALY] ENGINE=Speed Analyzer       | SCORE=1.0000 | WPM=125.3 | KPS=10.44
[2026-04-24 23:47:34.413] [BREACH ] *** HIGH-RISK ALERT *** Combined score=0.6051
[2026-04-24 23:47:34.442] [ANOMALY] ENGINE=Speed Analyzer       | SCORE=1.0000 | WPM=125.8 | KPS=10.48
[2026-04-24 23:47:34.442] [BREACH ] *** HIGH-RISK ALERT *** Combined score=0.6060
[2026-04-24 23:47:34.482] [ANOMALY] ENGINE=Speed Analyzer       | SCORE=1.0000 | WPM=126.3 | KPS=10.52
[2026-04-24 23:47:34.482] [BREACH ] *** HIGH-RISK ALERT *** Combined score=0.6070
[2026-04-24 23:47:34.509] [ANOMALY] ENGINE=Speed Analyzer       | SCORE=1.0000 | WPM=126.8 | KPS=10.56
[2026-04-24 23:47:34.509] [BREACH ] *** HIGH-RISK ALERT *** Combined score=0.6079
[2026-04-24 23:47:34.539] [ANOMALY] ENGINE=Speed Analyzer       | SCORE=1.0000 | WPM=127.3 | KPS=10.61
[2026-04-24 23:47:34.539] [BREACH ] *** HIGH-RISK ALERT *** Combined score=0.6088
[2026-04-24 23:47:34.569] [ANOMALY] ENGINE=Speed Analyzer       | SCORE=1.0000 | WPM=127.7 | KPS=10.65
[2026-04-24 23:47:34.569] [BREACH ] *** HIGH-RISK ALERT *** Combined score=0.6097
[2026-04-24 23:47:34.600] [ANOMALY] ENGINE=Speed Analyzer       | SCORE=1.0000 | WPM=128.2 | KPS=10.69
[2026-04-24 23:47:34.600] [BREACH ] *** HIGH-RISK ALERT *** Combined score=0.6107
[2026-04-24 23:47:34.629] [ANOMALY] ENGINE=Speed Analyzer       | SCORE=1.0000 | WPM=128.7 | KPS=10.73
[2026-04-24 23:47:34.629] [BREACH ] *** HIGH-RISK ALERT *** Combined score=0.6116
[2026-04-24 23:47:34.659] [ANOMALY] ENGINE=Speed Analyzer       | SCORE=1.0000 | WPM=129.2 | KPS=10.77
[2026-04-24 23:47:34.659] [BREACH ] *** HIGH-RISK ALERT *** Combined score=0.6125
[2026-04-24 23:47:37.093] [INFO   ] Baseline reset by user.
[2026-04-24 23:47:38.464] [INFO   ] Baseline reset by user.
[2026-04-24 23:47:40.367] [INFO   ] Calibration phase started.
[2026-04-24 23:47:55.369] [BASELINE] Baseline frozen | KPS=7.20 | AvgInterval=283049020.75 ns
[2026-04-24 23:48:05.421] [ANOMALY] ENGINE=Pattern Analyzer     | SCORE=1.0000 | WPM=64.2 | KPS=5.35
[2026-04-24 23:48:05.421] [BREACH ] *** HIGH-RISK ALERT *** Combined score=0.6157
[2026-04-24 23:48:05.570] [ANOMALY] ENGINE=Pattern Analyzer     | SCORE=1.0000 | WPM=64.8 | KPS=5.40
[2026-04-24 23:48:05.570] [BREACH ] *** HIGH-RISK ALERT *** Combined score=0.6250
[2026-04-24 23:48:05.640] [ANOMALY] ENGINE=Pattern Analyzer     | SCORE=1.0000 | WPM=65.5 | KPS=5.46
[2026-04-24 23:48:05.640] [BREACH ] *** HIGH-RISK ALERT *** Combined score=0.6343
[2026-04-24 23:48:05.756] [ANOMALY] ENGINE=Pattern Analyzer     | SCORE=1.0000 | WPM=66.2 | KPS=5.51
[2026-04-24 23:48:05.756] [BREACH ] *** HIGH-RISK ALERT *** Combined score=0.6435
[2026-04-24 23:48:05.917] [ANOMALY] ENGINE=Pattern Analyzer     | SCORE=1.0000 | WPM=66.7 | KPS=5.56
[2026-04-24 23:48:05.917] [BREACH ] *** HIGH-RISK ALERT *** Combined score=0.6528
[2026-04-24 23:48:06.078] [ANOMALY] ENGINE=Pattern Analyzer     | SCORE=1.0000 | WPM=67.2 | KPS=5.60
[2026-04-24 23:48:06.079] [BREACH ] *** HIGH-RISK ALERT *** Combined score=0.6620
[2026-04-24 23:48:06.228] [ANOMALY] ENGINE=Pattern Analyzer     | SCORE=1.0000 | WPM=67.7 | KPS=5.65
[2026-04-24 23:48:06.229] [BREACH ] *** HIGH-RISK ALERT *** Combined score=0.6713
[2026-04-24 23:48:06.239] [ANOMALY] ENGINE=Speed Analyzer       | SCORE=0.3611 | WPM=68.6 | KPS=5.72
[2026-04-24 23:48:06.239] [ANOMALY] ENGINE=Pattern Analyzer     | SCORE=1.0000 | WPM=68.6 | KPS=5.72
[2026-04-24 23:48:06.239] [BREACH ] *** HIGH-RISK ALERT *** Combined score=0.6806
[2026-04-24 23:48:06.249] [ANOMALY] ENGINE=Speed Analyzer       | SCORE=0.3796 | WPM=69.5 | KPS=5.80
[2026-04-24 23:48:06.249] [ANOMALY] ENGINE=Pattern Analyzer     | SCORE=1.0000 | WPM=69.5 | KPS=5.80
[2026-04-24 23:48:06.249] [BREACH ] *** HIGH-RISK ALERT *** Combined score=0.6898
[2026-04-24 23:48:06.341] [ANOMALY] ENGINE=Speed Analyzer       | SCORE=0.3981 | WPM=70.2 | KPS=5.85
[2026-04-24 23:48:06.341] [ANOMALY] ENGINE=Pattern Analyzer     | SCORE=1.0000 | WPM=70.2 | KPS=5.85
[2026-04-24 23:48:06.341] [BREACH ] *** HIGH-RISK ALERT *** Combined score=0.6991
[2026-04-24 23:48:06.421] [ANOMALY] ENGINE=Speed Analyzer       | SCORE=0.4167 | WPM=70.9 | KPS=5.91
[2026-04-24 23:48:06.421] [ANOMALY] ENGINE=Pattern Analyzer     | SCORE=1.0000 | WPM=70.9 | KPS=5.91
[2026-04-24 23:48:06.421] [BREACH ] *** HIGH-RISK ALERT *** Combined score=0.7083
[2026-04-24 23:48:06.430] [ANOMALY] ENGINE=Speed Analyzer       | SCORE=0.4352 | WPM=71.8 | KPS=5.99
[2026-04-24 23:48:06.430] [ANOMALY] ENGINE=Pattern Analyzer     | SCORE=1.0000 | WPM=71.8 | KPS=5.99
[2026-04-24 23:48:06.430] [BREACH ] *** HIGH-RISK ALERT *** Combined score=0.7176
[2026-04-24 23:48:06.520] [ANOMALY] ENGINE=Speed Analyzer       | SCORE=0.4537 | WPM=72.5 | KPS=6.04
[2026-04-24 23:48:06.520] [ANOMALY] ENGINE=Pattern Analyzer     | SCORE=1.0000 | WPM=72.5 | KPS=6.04
[2026-04-24 23:48:06.520] [BREACH ] *** HIGH-RISK ALERT *** Combined score=0.7269
[2026-04-24 23:48:06.571] [ANOMALY] ENGINE=Speed Analyzer       | SCORE=0.4722 | WPM=73.3 | KPS=6.11
[2026-04-24 23:48:06.571] [ANOMALY] ENGINE=Pattern Analyzer     | SCORE=1.0000 | WPM=73.3 | KPS=6.11
[2026-04-24 23:48:06.571] [BREACH ] *** HIGH-RISK ALERT *** Combined score=0.7361
[2026-04-24 23:48:06.581] [ANOMALY] ENGINE=Speed Analyzer       | SCORE=0.4907 | WPM=74.2 | KPS=6.18
[2026-04-24 23:48:06.581] [ANOMALY] ENGINE=Pattern Analyzer     | SCORE=1.0000 | WPM=74.2 | KPS=6.18
[2026-04-24 23:48:06.581] [BREACH ] *** HIGH-RISK ALERT *** Combined score=0.7454
[2026-04-24 23:48:06.591] [ANOMALY] ENGINE=Speed Analyzer       | SCORE=0.5093 | WPM=75.0 | KPS=6.25
[2026-04-24 23:48:06.591] [ANOMALY] ENGINE=Pattern Analyzer     | SCORE=1.0000 | WPM=75.0 | KPS=6.25
[2026-04-24 23:48:06.591] [BREACH ] *** HIGH-RISK ALERT *** Combined score=0.7546
[2026-04-24 23:48:06.662] [ANOMALY] ENGINE=Speed Analyzer       | SCORE=0.5278 | WPM=75.8 | KPS=6.31
[2026-04-24 23:48:06.663] [ANOMALY] ENGINE=Pattern Analyzer     | SCORE=1.0000 | WPM=75.8 | KPS=6.31
[2026-04-24 23:48:06.663] [BREACH ] *** HIGH-RISK ALERT *** Combined score=0.7639
[2026-04-24 23:48:06.703] [ANOMALY] ENGINE=Speed Analyzer       | SCORE=0.5463 | WPM=76.5 | KPS=6.38
[2026-04-24 23:48:06.703] [ANOMALY] ENGINE=Pattern Analyzer     | SCORE=1.0000 | WPM=76.5 | KPS=6.38
[2026-04-24 23:48:06.704] [BREACH ] *** HIGH-RISK ALERT *** Combined score=0.7731
[2026-04-24 23:48:06.713] [ANOMALY] ENGINE=Speed Analyzer       | SCORE=0.5648 | WPM=77.4 | KPS=6.45
[2026-04-24 23:48:06.713] [ANOMALY] ENGINE=Pattern Analyzer     | SCORE=1.0000 | WPM=77.4 | KPS=6.45
[2026-04-24 23:48:06.713] [BREACH ] *** HIGH-RISK ALERT *** Combined score=0.7824

══════════════════════════════════════════════════════════════════════════════════════════
  BEHAVIORAL BIOMETRICS SECURITY REPORT  —  Session: 2026-04-24 23:51:09.580
══════════════════════════════════════════════════════════════════════════════════════════
